# JRE version: OpenJDK Runtime Environment Microsoft-10376486 (17.0.13+11) (build 17.0.13+11-LTS)
# Java VM: OpenJDK 64-Bit Server VM Microsoft-10376486 (17.0.13+11-LTS, mixed mode, sharing, tiered, compressed oops, compressed class ptrs, g1 gc, windows-amd64)
GC Precious Log:
 CPUs: 12 total, 12 available
 Memory: 16088M
 Large Page Support: Disabled
 NUMA Support: Disabled
 Compressed Oops: Enabled (Zero based)
 Heap Region Size: 2M
 Heap Min Capacity: 8M
 Heap Initial Capacity: 252M
 Heap Max Capacity: 4024M
 Pre-touch: Disabled
 Parallel Workers: 10
 Concurrent Workers: 3
 Concurrent Refinement Workers: 10
 Periodic GC: Disabled
Heap:
 garbage-first heap   total 157696K, used 45087K [0x0000000704800000, 0x0000000800000000)
  region size 2048K, 13 young (26624K), 1 survivors (2048K)
 Metaspace       used 44839K, committed 45120K, reserved 1114112K
  class space    used 5515K, committed 5632K, reserved 1048576K
GC Heap History (20 events):
Event: 2.380 GC heap before
{Heap before GC invocations=1 (full 0):
 garbage-first heap   total 258048K, used 35260K [0x0000000704800000, 0x0000000800000000)
  region size 2048K, 15 young (30720K), 2 survivors (4096K)
 Metaspace       used 15722K, committed 16000K, reserved 1114112K
  class space    used 1692K, committed 1792K, reserved 1048576K
}
Event: 2.386 GC heap after
{Heap after GC invocations=2 (full 0):
 garbage-first heap   total 258048K, used 10082K [0x0000000704800000, 0x0000000800000000)
  region size 2048K, 1 young (2048K), 1 survivors (2048K)
 Metaspace       used 15722K, committed 16000K, reserved 1114112K
  class space    used 1692K, committed 1792K, reserved 1048576K
}
Event: 3.370 GC heap before
{Heap before GC invocations=2 (full 0):
 garbage-first heap   total 258048K, used 34658K [0x0000000704800000, 0x0000000800000000)
  region size 2048K, 14 young (28672K), 1 survivors (2048K)
 Metaspace       used 21318K, committed 21504K, reserved 1114112K
  class space    used 2403K, committed 2496K, reserved 1048576K
}
Event: 3.375 GC heap after
{Heap after GC invocations=3 (full 0):
 garbage-first heap   total 258048K, used 11849K [0x0000000704800000, 0x0000000800000000)
  region size 2048K, 2 young (4096K), 2 survivors (4096K)
 Metaspace       used 21318K, committed 21504K, reserved 1114112K
  class space    used 2403K, committed 2496K, reserved 1048576K
}
Event: 4.599 GC heap before
{Heap before GC invocations=4 (full 0):
 garbage-first heap   total 55296K, used 38473K [0x0000000704800000, 0x0000000800000000)
  region size 2048K, 16 young (32768K), 2 survivors (4096K)
 Metaspace       used 28526K, committed 28800K, reserved 1114112K
  class space    used 3200K, committed 3328K, reserved 1048576K
}
Event: 4.608 GC heap after
{Heap after GC invocations=5 (full 0):
 garbage-first heap   total 55296K, used 14856K [0x0000000704800000, 0x0000000800000000)
  region size 2048K, 2 young (4096K), 2 survivors (4096K)
 Metaspace       used 28526K, committed 28800K, reserved 1114112K
  class space    used 3200K, committed 3328K, reserved 1048576K
}
Event: 4.729 GC heap before
{Heap before GC invocations=5 (full 0):
 garbage-first heap   total 55296K, used 16904K [0x0000000704800000, 0x0000000800000000)
  region size 2048K, 3 young (6144K), 2 survivors (4096K)
 Metaspace       used 29142K, committed 29376K, reserved 1114112K
  class space    used 3276K, committed 3392K, reserved 1048576K
}
Event: 4.737 GC heap after
{Heap after GC invocations=6 (full 0):
 garbage-first heap   total 55296K, used 15747K [0x0000000704800000, 0x0000000800000000)
  region size 2048K, 1 young (2048K), 1 survivors (2048K)
 Metaspace       used 29142K, committed 29376K, reserved 1114112K
  class space    used 3276K, committed 3392K, reserved 1048576K
}
Event: 5.944 GC heap before
{Heap before GC invocations=6 (full 0):
 garbage-first heap   total 55296K, used 36227K [0x0000000704800000, 0x0000000800000000)
  region size 2048K, 11 young (22528K), 1 survivors (2048K)
 Metaspace       used 32287K, committed 32512K, reserved 1114112K
  class space    used 3666K, committed 3776K, reserved 1048576K
}
Event: 5.947 GC heap after
{Heap after GC invocations=7 (full 0):
 garbage-first heap   total 55296K, used 17544K [0x0000000704800000, 0x0000000800000000)
  region size 2048K, 2 young (4096K), 2 survivors (4096K)
 Metaspace       used 32287K, committed 32512K, reserved 1114112K
  class space    used 3666K, committed 3776K, reserved 1048576K
}
Event: 6.796 GC heap before
{Heap before GC invocations=7 (full 0):
 garbage-first heap   total 55296K, used 38024K [0x0000000704800000, 0x0000000800000000)
  region size 2048K, 11 young (22528K), 2 survivors (4096K)
 Metaspace       used 33289K, committed 33600K, reserved 1114112K
  class space    used 3745K, committed 3904K, reserved 1048576K
}
Event: 6.801 GC heap after
{Heap after GC invocations=8 (full 0):
 garbage-first heap   total 55296K, used 22196K [0x0000000704800000, 0x0000000800000000)
  region size 2048K, 2 young (4096K), 2 survivors (4096K)
 Metaspace       used 33289K, committed 33600K, reserved 1114112K
  class space    used 3745K, committed 3904K, reserved 1048576K
}
Event: 7.342 GC heap before
{Heap before GC invocations=8 (full 0):
 garbage-first heap   total 55296K, used 38580K [0x0000000704800000, 0x0000000800000000)
  region size 2048K, 10 young (20480K), 2 survivors (4096K)
 Metaspace       used 35191K, committed 35520K, reserved 1114112K
  class space    used 4142K, committed 4288K, reserved 1048576K
}
Event: 7.346 GC heap after
{Heap after GC invocations=9 (full 0):
 garbage-first heap   total 55296K, used 23477K [0x0000000704800000, 0x0000000800000000)
  region size 2048K, 2 young (4096K), 2 survivors (4096K)
 Metaspace       used 35191K, committed 35520K, reserved 1114112K
  class space    used 4142K, committed 4288K, reserved 1048576K
}
Event: 7.409 GC heap before
{Heap before GC invocations=9 (full 0):
 garbage-first heap   total 55296K, used 23477K [0x0000000704800000, 0x0000000800000000)
  region size 2048K, 3 young (6144K), 2 survivors (4096K)
 Metaspace       used 35720K, committed 35968K, reserved 1114112K
  class space    used 4318K, committed 4416K, reserved 1048576K
}
Event: 7.411 GC heap after
{Heap after GC invocations=10 (full 0):
 garbage-first heap   total 55296K, used 23955K [0x0000000704800000, 0x0000000800000000)
  region size 2048K, 1 young (2048K), 1 survivors (2048K)
 Metaspace       used 35720K, committed 35968K, reserved 1114112K
  class space    used 4318K, committed 4416K, reserved 1048576K
}
Event: 7.880 GC heap before
{Heap before GC invocations=11 (full 0):
 garbage-first heap   total 55296K, used 38291K [0x0000000704800000, 0x0000000800000000)
  region size 2048K, 8 young (16384K), 1 survivors (2048K)
 Metaspace       used 39785K, committed 40128K, reserved 1114112K
  class space    used 4994K, committed 5120K, reserved 1048576K
}
Event: 7.884 GC heap after
{Heap after GC invocations=12 (full 0):
 garbage-first heap   total 55296K, used 24999K [0x0000000704800000, 0x0000000800000000)
  region size 2048K, 1 young (2048K), 1 survivors (2048K)
 Metaspace       used 39785K, committed 40128K, reserved 1114112K
  class space    used 4994K, committed 5120K, reserved 1048576K
}
Event: 7.976 GC heap before
{Heap before GC invocations=12 (full 0):
 garbage-first heap   total 55296K, used 24999K [0x0000000704800000, 0x0000000800000000)
  region size 2048K, 2 young (4096K), 1 survivors (2048K)
 Metaspace       used 40506K, committed 40832K, reserved 1114112K
  class space    used 5054K, committed 5184K, reserved 1048576K
}
Event: 7.981 GC heap after
{Heap after GC invocations=13 (full 0):
 garbage-first heap   total 157696K, used 24607K [0x0000000704800000, 0x0000000800000000)
  region size 2048K, 1 young (2048K), 1 survivors (2048K)
 Metaspace       used 40506K, committed 40832K, reserved 1114112K
  class space    used 5054K, committed 5184K, reserved 1048576K
}

