# JRE version: OpenJDK Runtime Environment Microsoft-10376486 (17.0.13+11) (build 17.0.13+11-LTS)
# Java VM: OpenJDK 64-Bit Server VM Microsoft-10376486 (17.0.13+11-LTS, mixed mode, sharing, tiered, compressed oops, compressed class ptrs, g1 gc, windows-amd64)
GC Precious Log:
 CPUs: 12 total, 12 available
 Memory: 16088M
 Large Page Support: Disabled
 NUMA Support: Disabled
 Compressed Oops: Enabled (Zero based)
 Heap Region Size: 2M
 Heap Min Capacity: 8M
 Heap Initial Capacity: 252M
 Heap Max Capacity: 4024M
 Pre-touch: Disabled
 Parallel Workers: 10
 Concurrent Workers: 3
 Concurrent Refinement Workers: 10
 Periodic GC: Disabled
Heap:
 garbage-first heap   total 620544K, used 492640K [0x0000000704800000, 0x0000000800000000)
  region size 2048K, 41 young (83968K), 8 survivors (16384K)
 Metaspace       used 81191K, committed 81856K, reserved 1179648K
  class space    used 8884K, committed 9216K, reserved 1048576K
GC Heap History (20 events):
Event: 53.200 GC heap before
{Heap before GC invocations=86 (full 0):
 garbage-first heap   total 430080K, used 350703K [0x0000000704800000, 0x0000000800000000)
  region size 2048K, 42 young (86016K), 6 survivors (12288K)
 Metaspace       used 80744K, committed 81408K, reserved 1179648K
  class space    used 8877K, committed 9216K, reserved 1048576K
}
Event: 53.210 GC heap after
{Heap after GC invocations=87 (full 0):
 garbage-first heap   total 430080K, used 289117K [0x0000000704800000, 0x0000000800000000)
  region size 2048K, 5 young (10240K), 5 survivors (10240K)
 Metaspace       used 80744K, committed 81408K, reserved 1179648K
  class space    used 8877K, committed 9216K, reserved 1048576K
}
Event: 53.685 GC heap before
{Heap before GC invocations=87 (full 0):
 garbage-first heap   total 430080K, used 356701K [0x0000000704800000, 0x0000000800000000)
  region size 2048K, 38 young (77824K), 5 survivors (10240K)
 Metaspace       used 80763K, committed 81472K, reserved 1179648K
  class space    used 8877K, committed 9216K, reserved 1048576K
}
Event: 53.695 GC heap after
{Heap after GC invocations=88 (full 0):
 garbage-first heap   total 430080K, used 297686K [0x0000000704800000, 0x0000000800000000)
  region size 2048K, 5 young (10240K), 5 survivors (10240K)
 Metaspace       used 80763K, committed 81472K, reserved 1179648K
  class space    used 8877K, committed 9216K, reserved 1048576K
}
Event: 54.016 GC heap before
{Heap before GC invocations=88 (full 0):
 garbage-first heap   total 430080K, used 359126K [0x0000000704800000, 0x0000000800000000)
  region size 2048K, 36 young (73728K), 5 survivors (10240K)
 Metaspace       used 80778K, committed 81472K, reserved 1179648K
  class space    used 8877K, committed 9216K, reserved 1048576K
}
Event: 54.026 GC heap after
{Heap after GC invocations=89 (full 0):
 garbage-first heap   total 516096K, used 307375K [0x0000000704800000, 0x0000000800000000)
  region size 2048K, 5 young (10240K), 5 survivors (10240K)
 Metaspace       used 80778K, committed 81472K, reserved 1179648K
  class space    used 8877K, committed 9216K, reserved 1048576K
}
Event: 54.576 GC heap before
{Heap before GC invocations=89 (full 0):
 garbage-first heap   total 516096K, used 417967K [0x0000000704800000, 0x0000000800000000)
  region size 2048K, 59 young (120832K), 5 survivors (10240K)
 Metaspace       used 80824K, committed 81536K, reserved 1179648K
  class space    used 8880K, committed 9216K, reserved 1048576K
}
Event: 54.587 GC heap after
{Heap after GC invocations=90 (full 0):
 garbage-first heap   total 516096K, used 323065K [0x0000000704800000, 0x0000000800000000)
  region size 2048K, 8 young (16384K), 8 survivors (16384K)
 Metaspace       used 80824K, committed 81536K, reserved 1179648K
  class space    used 8880K, committed 9216K, reserved 1048576K
}
Event: 55.266 GC heap before
{Heap before GC invocations=90 (full 0):
 garbage-first heap   total 516096K, used 421369K [0x0000000704800000, 0x0000000800000000)
  region size 2048K, 56 young (114688K), 8 survivors (16384K)
 Metaspace       used 80892K, committed 81600K, reserved 1179648K
  class space    used 8880K, committed 9216K, reserved 1048576K
}
Event: 55.280 GC heap after
{Heap after GC invocations=91 (full 0):
 garbage-first heap   total 516096K, used 338468K [0x0000000704800000, 0x0000000800000000)
  region size 2048K, 7 young (14336K), 7 survivors (14336K)
 Metaspace       used 80892K, committed 81600K, reserved 1179648K
  class space    used 8880K, committed 9216K, reserved 1048576K
}
Event: 55.669 GC heap before
{Heap before GC invocations=91 (full 0):
 garbage-first heap   total 516096K, used 424484K [0x0000000704800000, 0x0000000800000000)
  region size 2048K, 50 young (102400K), 7 survivors (14336K)
 Metaspace       used 80936K, committed 81600K, reserved 1179648K
  class space    used 8881K, committed 9216K, reserved 1048576K
}
Event: 55.683 GC heap after
{Heap after GC invocations=92 (full 0):
 garbage-first heap   total 516096K, used 354170K [0x0000000704800000, 0x0000000800000000)
  region size 2048K, 7 young (14336K), 7 survivors (14336K)
 Metaspace       used 80936K, committed 81600K, reserved 1179648K
  class space    used 8881K, committed 9216K, reserved 1048576K
}
Event: 56.303 GC heap before
{Heap before GC invocations=92 (full 0):
 garbage-first heap   total 516096K, used 431994K [0x0000000704800000, 0x0000000800000000)
  region size 2048K, 45 young (92160K), 7 survivors (14336K)
 Metaspace       used 80998K, committed 81664K, reserved 1179648K
  class space    used 8881K, committed 9216K, reserved 1048576K
}
Event: 56.318 GC heap after
{Heap after GC invocations=93 (full 0):
 garbage-first heap   total 620544K, used 366873K [0x0000000704800000, 0x0000000800000000)
  region size 2048K, 6 young (12288K), 6 survivors (12288K)
 Metaspace       used 80998K, committed 81664K, reserved 1179648K
  class space    used 8881K, committed 9216K, reserved 1048576K
}
Event: 57.104 GC heap before
{Heap before GC invocations=93 (full 0):
 garbage-first heap   total 620544K, used 504089K [0x0000000704800000, 0x0000000800000000)
  region size 2048K, 74 young (151552K), 6 survivors (12288K)
 Metaspace       used 81039K, committed 81664K, reserved 1179648K
  class space    used 8881K, committed 9216K, reserved 1048576K
}
Event: 57.121 GC heap after
{Heap after GC invocations=94 (full 0):
 garbage-first heap   total 620544K, used 389390K [0x0000000704800000, 0x0000000800000000)
  region size 2048K, 10 young (20480K), 10 survivors (20480K)
 Metaspace       used 81039K, committed 81664K, reserved 1179648K
  class space    used 8881K, committed 9216K, reserved 1048576K
}
Event: 58.430 GC heap before
{Heap before GC invocations=94 (full 0):
 garbage-first heap   total 620544K, used 508174K [0x0000000704800000, 0x0000000800000000)
  region size 2048K, 68 young (139264K), 10 survivors (20480K)
 Metaspace       used 81082K, committed 81728K, reserved 1179648K
  class space    used 8882K, committed 9216K, reserved 1048576K
}
Event: 58.450 GC heap after
{Heap after GC invocations=95 (full 0):
 garbage-first heap   total 620544K, used 410127K [0x0000000704800000, 0x0000000800000000)
  region size 2048K, 9 young (18432K), 9 survivors (18432K)
 Metaspace       used 81082K, committed 81728K, reserved 1179648K
  class space    used 8882K, committed 9216K, reserved 1048576K
}
Event: 59.132 GC heap before
{Heap before GC invocations=95 (full 0):
 garbage-first heap   total 620544K, used 512527K [0x0000000704800000, 0x0000000800000000)
  region size 2048K, 59 young (120832K), 9 survivors (18432K)
 Metaspace       used 81139K, committed 81792K, reserved 1179648K
  class space    used 8883K, committed 9216K, reserved 1048576K
}
Event: 59.147 GC heap after
{Heap after GC invocations=96 (full 0):
 garbage-first heap   total 620544K, used 427104K [0x0000000704800000, 0x0000000800000000)
  region size 2048K, 8 young (16384K), 8 survivors (16384K)
 Metaspace       used 81139K, committed 81792K, reserved 1179648K
  class space    used 8883K, committed 9216K, reserved 1048576K
}

